<?xml version="1.0" encoding="UTF-8"?>
<!-- Generated by org.testng.reporters.JUnitReportReporter -->
<testsuite hostname="LAPTOP-SC2K8AIS" failures="0" tests="1" name="NewTest1" time="58.147" errors="0" timestamp="2022-10-03T17:45:31 IST" skipped="0">
  <testcase classname="NewTest1" name="f" time="58.147"/>
  <system-out/>
</testsuite> <!-- NewTest1 -->
