<?xml version="1.0" encoding="UTF-8"?>
<!-- Generated by org.testng.reporters.JUnitReportReporter -->
<testsuite hostname="LAPTOP-SC2K8AIS" failures="0" tests="1" name="NewTest" time="54.793" errors="0" timestamp="2022-10-03T17:44:10 IST" skipped="0">
  <testcase classname="NewTest" name="f" time="54.793"/>
  <system-out/>
</testsuite> <!-- NewTest -->
